<?xml version="1.0" encoding="UTF-8"?>
<!-- Generated by org.testng.reporters.JUnitReportReporter -->
<testsuite skipped="0" hostname="DESKTOP-NIP3GBS" name="Naidu99.gittest.ChromeTest" tests="1" failures="0" timestamp="2020-03-08T23:19:42 PDT" time="27.984" errors="0">
  <testcase name="verifyKit" time="27.984" classname="Naidu99.gittest.ChromeTest"/>
  <system-out/>
</testsuite> <!-- Naidu99.gittest.ChromeTest -->
